0 1 1 1 0 1 0 1 1 1 
2 80 43.0
2 98 44.0
2 106 46.0
2 109 39.0
2 112 35.0
2 113 50.0
2 114 19.0
2 120 52.0
2 121 14.0
2 125 29.0
2 126 28.0
2 127 21.0
2 128 25.0
2 130 36.0
2 131 41.0
2 140 23.0
2 143 14.0
2 144 26.0
2 145 10.0
2 146 29.0
2 160 26.0
2 164 31.0
2 166 41.0
2 169 45.0
2 171 41.0
2 173 48.0
2 180 34.0
2 187 22.0
2 196 30.0
2 198 19.0
2 199 30.0
3 11 21.0
3 13 22.0
3 19 28.0
3 30 43.0
3 32 10.0
3 34 16.0
3 40 37.0
3 41 25.0
3 44 20.0
3 45 35.0
3 55 19.0
3 57 32.0
3 59 23.0
3 63 26.0
3 64 34.0
3 66 38.0
3 70 41.0
3 82 44.0
3 88 38.0
3 95 48.0
3 97 23.0
3 100 44.0
3 108 41.0
3 119 41.0
3 124 34.0
3 139 22.0
3 153 41.0
3 158 36.0
3 167 44.0
3 188 23.0
3 195 51.0
4 1 40.0
4 5 41.0
4 6 32.0
4 7 24.0
4 8 56.0
4 9 31.0
4 12 56.0
4 15 18.0
4 20 55.0
4 22 29.0
4 26 28.0
4 32 33.0
4 37 51.0
4 43 26.0
4 46 17.0
4 47 47.0
4 51 38.0
4 54 36.0
4 58 31.0
4 74 34.0
4 76 36.0
4 78 35.0
4 79 54.0
4 85 45.0
4 86 26.0
4 87 2.0
4 93 55.0
4 94 24.0
6 2 38.0
6 3 44.0
6 4 47.0
6 10 25.0
6 14 27.0
6 16 27.0
6 23 30.0
6 25 51.0
6 27 36.0
6 28 17.0
6 31 18.0
6 33 43.0
6 38 43.0
6 48 55.0
6 50 27.0
6 56 17.0
6 61 40.0
6 62 41.0
6 65 52.0
6 72 24.0
6 73 24.0
6 81 22.0
6 83 40.0
6 84 45.0
6 87 23.0
6 90 43.0
6 96 50.0
6 99 51.0
8 18 48.0
8 24 44.0
8 28 7.0
8 29 43.0
8 36 46.0
8 39 20.0
8 42 42.0
8 52 46.0
8 60 40.0
8 67 44.0
8 68 34.0
8 69 47.0
8 71 47.0
8 75 32.0
8 77 52.0
8 89 16.0
8 91 37.0
8 92 58.0
8 107 24.0
8 148 42.0
8 149 52.0
8 157 26.0
8 162 51.0
8 181 47.0
8 186 30.0
8 197 25.0
9 17 34.0
9 21 19.0
9 35 32.0
9 49 50.0
9 53 33.0
9 103 39.0
9 104 20.0
9 111 35.0
9 116 34.0
9 117 20.0
9 122 36.0
9 133 51.0
9 134 51.0
9 135 32.0
9 136 49.0
9 137 45.0
9 139 3.0
9 142 34.0
9 147 40.0
9 154 23.0
9 155 19.0
9 159 41.0
9 163 43.0
9 177 30.0
9 178 26.0
9 179 27.0
9 185 27.0
9 190 11.0
9 191 30.0
9 193 26.0
9 194 14.0
9 200 26.0
10 101 24.0
10 102 35.0
10 105 52.0
10 110 29.0
10 115 39.0
10 118 24.0
10 123 52.0
10 129 35.0
10 132 31.0
10 138 27.0
10 141 25.0
10 145 23.0
10 150 28.0
10 151 31.0
10 152 36.0
10 156 22.0
10 161 51.0
10 165 21.0
10 168 18.0
10 170 48.0
10 172 43.0
10 174 50.0
10 175 30.0
10 176 21.0
10 182 56.0
10 183 30.0
10 184 51.0
10 189 16.0
10 190 13.0
10 192 39.0
16142.559999999998
