0 0 0 0 1 0 1 0 1 1 0 
4 1 21.0
4 6 2.0
4 7 13.0
4 11 6.0
4 13 8.0
4 15 6.0
4 19 14.0
4 22 13.0
4 30 24.0
4 37 39.0
4 40 16.0
4 43 11.0
4 44 8.0
4 46 6.0
4 54 20.0
4 55 4.0
4 59 9.0
4 64 18.0
4 66 23.0
4 70 29.0
4 76 25.0
4 78 19.0
4 80 30.0
4 82 24.0
4 86 11.0
4 88 26.0
4 93 40.0
4 95 33.0
4 97 10.0
4 98 28.0
4 100 30.0
4 106 32.0
4 108 24.0
4 109 21.0
4 112 24.0
4 113 33.0
4 119 27.0
4 121 4.0
4 126 10.0
4 127 6.0
4 130 8.0
4 140 11.0
4 143 4.0
4 153 22.0
4 158 16.0
4 160 11.0
4 164 14.0
4 166 27.0
4 167 27.0
4 169 29.0
4 173 34.0
4 187 8.0
4 195 32.0
4 196 10.0
6 2 25.0
6 3 29.0
6 4 29.0
6 5 24.0
6 6 16.0
6 8 39.0
6 9 16.0
6 10 10.0
6 12 37.0
6 14 16.0
6 16 10.0
6 20 37.0
6 23 13.0
6 25 37.0
6 26 15.0
6 27 17.0
6 28 11.0
6 31 6.0
6 33 30.0
6 34 4.0
6 38 26.0
6 45 23.0
6 47 32.0
6 48 36.0
6 50 14.0
6 51 26.0
6 56 6.0
6 58 18.0
6 61 23.0
6 62 28.0
6 65 31.0
6 72 10.0
6 73 12.0
6 74 18.0
6 79 38.0
6 81 8.0
6 83 21.0
6 84 31.0
6 85 32.0
6 87 9.0
6 90 30.0
6 94 10.0
6 96 31.0
6 99 39.0
8 17 17.0
8 18 37.0
8 21 4.0
8 24 28.0
8 29 33.0
8 32 24.0
8 35 19.0
8 36 31.0
8 39 6.0
8 41 8.0
8 42 25.0
8 49 39.0
8 52 26.0
8 53 20.0
8 57 16.0
8 60 20.0
8 63 12.0
8 67 27.0
8 68 20.0
8 69 32.0
8 71 34.0
8 75 20.0
8 77 34.0
8 89 4.0
8 91 21.0
8 92 37.0
8 107 12.0
8 110 13.0
8 111 23.0
8 122 17.0
8 124 19.0
8 135 3.0
8 136 32.0
8 139 8.0
8 148 30.0
8 149 35.0
8 154 9.0
8 157 10.0
8 159 26.0
8 162 34.0
8 168 6.0
8 175 13.0
8 177 13.0
8 181 31.0
8 185 10.0
8 186 19.0
8 188 10.0
8 190 11.0
8 193 12.0
8 197 10.0
9 101 6.0
9 102 21.0
9 103 19.0
9 104 4.0
9 105 39.0
9 114 6.0
9 115 25.0
9 116 19.0
9 117 8.0
9 118 8.0
9 120 33.0
9 123 34.0
9 125 16.0
9 128 8.0
9 129 21.0
9 130 13.0
9 131 23.0
9 132 12.0
9 133 34.0
9 134 33.0
9 135 15.0
9 137 32.0
9 138 14.0
9 141 11.0
9 142 15.0
9 144 12.0
9 145 20.0
9 146 17.0
9 147 22.0
9 150 14.0
9 151 14.0
9 152 19.0
9 155 4.0
9 156 10.0
9 161 37.0
9 163 24.0
9 165 8.0
9 170 35.0
9 171 24.0
9 172 31.0
9 174 35.0
9 176 6.0
9 178 8.0
9 179 14.0
9 180 20.0
9 182 37.0
9 183 11.0
9 184 37.0
9 189 4.0
9 191 19.0
9 192 19.0
9 194 4.0
9 198 4.0
9 199 11.0
9 200 11.0
9302.990000000002
