0 0 1 0 1 0 1 0 1 1 0 
2 11 9.0
2 13 12.0
2 55 8.0
2 59 12.0
2 80 34.0
2 98 34.0
2 105 43.0
2 106 36.0
2 108 29.0
2 109 24.0
2 112 26.0
2 113 39.0
2 114 9.0
2 115 27.0
2 119 27.0
2 120 32.0
2 121 9.0
2 125 19.0
2 126 11.0
2 127 9.0
2 128 14.0
2 130 25.0
2 131 24.0
2 140 17.0
2 141 19.0
2 143 10.0
2 144 17.0
2 145 24.0
2 146 26.0
2 151 17.0
2 153 4.0
2 156 3.0
2 158 25.0
2 160 17.0
2 161 45.0
2 164 18.0
2 166 30.0
2 167 30.0
2 169 42.0
2 171 31.0
2 173 37.0
2 180 26.0
2 187 12.0
2 196 15.0
2 198 9.0
2 199 14.0
4 1 25.0
4 6 23.0
4 7 17.0
4 9 18.0
4 12 40.0
4 15 9.0
4 19 18.0
4 20 39.0
4 22 20.0
4 30 27.0
4 34 7.0
4 37 48.0
4 40 20.0
4 41 13.0
4 43 12.0
4 44 12.0
4 45 27.0
4 46 10.0
4 47 32.0
4 53 25.0
4 54 27.0
4 58 23.0
4 64 20.0
4 66 30.0
4 70 34.0
4 74 25.0
4 76 28.0
4 78 27.0
4 82 29.0
4 85 35.0
4 86 16.0
4 88 27.0
4 93 39.0
4 95 43.0
4 97 19.0
4 100 35.0
4 124 22.0
4 153 23.0
4 188 18.0
4 195 38.0
6 2 28.0
6 3 32.0
6 4 32.0
6 5 37.0
6 8 46.0
6 9 2.0
6 10 12.0
6 14 17.0
6 16 14.0
6 23 20.0
6 25 39.0
6 26 20.0
6 27 21.0
6 28 16.0
6 31 9.0
6 33 34.0
6 38 28.0
6 48 40.0
6 50 21.0
6 51 28.0
6 56 9.0
6 61 27.0
6 62 32.0
6 65 37.0
6 72 18.0
6 73 17.0
6 77 12.0
6 79 38.0
6 81 13.0
6 83 25.0
6 84 36.0
6 87 13.0
6 90 37.0
6 94 17.0
6 96 39.0
6 99 42.0
8 17 25.0
8 18 39.0
8 24 33.0
8 29 35.0
8 32 27.0
8 36 39.0
8 39 6.0
8 42 29.0
8 49 43.0
8 52 39.0
8 60 31.0
8 63 18.0
8 67 33.0
8 68 24.0
8 69 40.0
8 71 36.0
8 75 24.0
8 77 25.0
8 89 5.0
8 91 29.0
8 92 51.0
8 107 18.0
8 110 20.0
8 111 30.0
8 148 34.0
8 149 40.0
8 154 11.0
8 157 16.0
8 162 40.0
8 168 9.0
8 175 25.0
8 177 22.0
8 181 40.0
8 185 10.0
8 186 23.0
8 193 15.0
8 197 16.0
9 21 8.0
9 35 19.0
9 57 25.0
9 101 9.0
9 102 25.0
9 103 23.0
9 104 8.0
9 116 27.0
9 117 15.0
9 118 13.0
9 122 27.0
9 123 35.0
9 129 29.0
9 132 18.0
9 133 37.0
9 134 35.0
9 135 21.0
9 136 30.0
9 137 29.0
9 138 23.0
9 139 14.0
9 142 21.0
9 147 26.0
9 150 21.0
9 152 24.0
9 155 7.0
9 156 12.0
9 159 36.0
9 163 33.0
9 165 14.0
9 170 38.0
9 172 32.0
9 174 41.0
9 176 10.0
9 178 12.0
9 179 20.0
9 182 38.0
9 183 16.0
9 184 37.0
9 189 7.0
9 190 14.0
9 191 20.0
9 192 25.0
9 194 8.0
9 200 18.0
11203.350000000002
