0 1 1 1 1 1 
1 101 10.0
1 102 26.0
1 105 44.0
1 106 39.0
1 109 25.0
1 112 28.0
1 113 38.0
1 114 9.0
1 115 29.0
1 120 39.0
1 121 7.0
1 123 39.0
1 125 20.0
1 126 16.0
1 127 9.0
1 128 13.0
1 129 28.0
1 131 28.0
1 132 17.0
1 138 20.0
1 140 16.0
1 141 16.0
1 143 7.0
1 144 17.0
1 145 26.0
1 146 22.0
1 151 17.0
1 156 15.0
1 160 17.0
1 165 13.0
1 169 36.0
1 170 25.0
1 171 31.0
1 172 34.0
1 174 42.0
1 176 9.0
1 180 26.0
1 182 42.0
1 183 17.0
1 184 42.0
1 189 7.0
1 196 16.0
1 198 7.0
1 199 16.0
2 2 28.0
2 3 35.0
2 4 34.0
2 10 15.0
2 14 19.0
2 16 15.0
2 18 41.0
2 23 20.0
2 25 42.0
2 27 23.0
2 28 17.0
2 29 36.0
2 31 9.0
2 32 18.0
2 33 36.0
2 34 3.0
2 38 29.0
2 48 42.0
2 56 9.0
2 61 29.0
2 62 34.0
2 65 38.0
2 67 34.0
2 71 39.0
2 72 15.0
2 73 17.0
2 75 25.0
2 77 38.0
2 81 13.0
2 83 28.0
2 84 35.0
2 87 12.0
2 89 7.0
2 90 36.0
2 91 26.0
2 96 38.0
2 99 44.0
3 11 9.0
3 13 12.0
3 19 19.0
3 21 7.0
3 35 23.0
3 40 23.0
3 41 13.0
3 49 42.0
3 53 26.0
3 57 23.0
3 59 13.0
3 70 34.0
3 80 34.0
3 97 16.0
3 98 32.0
3 103 25.0
3 104 7.0
3 108 29.0
3 116 26.0
3 118 12.0
3 119 31.0
3 124 25.0
3 130 26.0
3 134 30.0
3 135 25.0
3 139 13.0
3 147 26.0
3 152 25.0
3 153 29.0
3 158 23.0
3 161 44.0
3 163 31.0
3 164 19.0
3 166 32.0
3 167 34.0
3 170 16.0
3 173 39.0
3 187 13.0
3 188 16.0
3 191 22.0
3 195 39.0
3 200 17.0
4 1 28.0
4 5 31.0
4 6 23.0
4 7 17.0
4 8 44.0
4 9 19.0
4 12 44.0
4 15 9.0
4 20 44.0
4 22 20.0
4 26 19.0
4 30 31.0
4 34 4.0
4 37 44.0
4 43 15.0
4 44 12.0
4 45 26.0
4 46 10.0
4 47 35.0
4 50 20.0
4 51 29.0
4 54 25.0
4 55 7.0
4 58 23.0
4 64 22.0
4 66 29.0
4 74 25.0
4 76 29.0
4 78 26.0
4 79 42.0
4 82 31.0
4 85 36.0
4 86 17.0
4 88 31.0
4 93 44.0
4 94 15.0
4 95 39.0
4 100 35.0
5 17 22.0
5 24 35.0
5 32 11.0
5 36 36.0
5 39 9.0
5 42 31.0
5 52 32.0
5 60 26.0
5 63 17.0
5 68 26.0
5 69 38.0
5 92 44.0
5 107 15.0
5 110 20.0
5 111 26.0
5 117 13.0
5 122 23.0
5 133 39.0
5 134 9.0
5 136 35.0
5 137 36.0
5 142 22.0
5 148 35.0
5 149 42.0
5 150 19.0
5 154 13.0
5 155 7.0
5 157 16.0
5 159 31.0
5 162 39.0
5 168 9.0
5 175 20.0
5 177 19.0
5 178 13.0
5 179 20.0
5 181 36.0
5 185 13.0
5 186 23.0
5 190 16.0
5 192 25.0
5 193 17.0
5 194 7.0
5 197 15.0
4190.601
